<?xml version="1.0" encoding="UTF-8"?>
<coverage generated="1621379052370" clover="3.2.0">
  <project timestamp="1621379052370" name="All files">
    <metrics statements="338" coveredstatements="333" conditionals="34" coveredconditionals="31" methods="67" coveredmethods="64" elements="439" coveredelements="428" complexity="0" loc="338" ncloc="338" packages="4" files="21" classes="21"/>
    <package name="CS-4800-Legumes-LTE">
      <metrics statements="20" coveredstatements="20" conditionals="0" coveredconditionals="0" methods="0" coveredmethods="0"/>
      <file name="server_test.js" path="C:\Users\Ryan\source\repos\CS-4800-Legumes-LTE\server_test.js">
        <metrics statements="20" coveredstatements="20" conditionals="0" coveredconditionals="0" methods="0" coveredmethods="0"/>
        <line num="7" count="11" type="stmt"/>
        <line num="8" count="11" type="stmt"/>
        <line num="9" count="11" type="stmt"/>
        <line num="10" count="11" type="stmt"/>
        <line num="11" count="11" type="stmt"/>
        <line num="12" count="11" type="stmt"/>
        <line num="13" count="11" type="stmt"/>
        <line num="16" count="11" type="stmt"/>
        <line num="19" count="11" type="stmt"/>
        <line num="22" count="11" type="stmt"/>
        <line num="25" count="11" type="stmt"/>
        <line num="36" count="11" type="stmt"/>
        <line num="37" count="11" type="stmt"/>
        <line num="38" count="11" type="stmt"/>
        <line num="41" count="11" type="stmt"/>
        <line num="42" count="11" type="stmt"/>
        <line num="45" count="11" type="stmt"/>
        <line num="49" count="11" type="stmt"/>
        <line num="52" count="11" type="stmt"/>
        <line num="55" count="11" type="stmt"/>
      </file>
    </package>
    <package name="CS-4800-Legumes-LTE.config">
      <metrics statements="22" coveredstatements="19" conditionals="4" coveredconditionals="3" methods="8" coveredmethods="6"/>
      <file name="passport.js" path="C:\Users\Ryan\source\repos\CS-4800-Legumes-LTE\config\passport.js">
        <metrics statements="22" coveredstatements="19" conditionals="4" coveredconditionals="3" methods="8" coveredmethods="6"/>
        <line num="1" count="11" type="stmt"/>
        <line num="2" count="11" type="stmt"/>
        <line num="3" count="11" type="stmt"/>
        <line num="6" count="11" type="stmt"/>
        <line num="8" count="11" type="stmt"/>
        <line num="13" count="11" type="stmt"/>
        <line num="14" count="8" type="stmt"/>
        <line num="16" count="8" type="cond" truecount="1" falsecount="1"/>
        <line num="17" count="0" type="stmt"/>
        <line num="19" count="8" type="stmt"/>
        <line num="20" count="8" type="cond" truecount="2" falsecount="0"/>
        <line num="21" count="7" type="stmt"/>
        <line num="24" count="1" type="stmt"/>
        <line num="29" count="0" type="stmt"/>
        <line num="33" count="11" type="stmt"/>
        <line num="34" count="7" type="stmt"/>
        <line num="37" count="11" type="stmt"/>
        <line num="38" count="24" type="stmt"/>
        <line num="40" count="24" type="stmt"/>
        <line num="42" count="0" type="stmt"/>
        <line num="45" count="11" type="stmt"/>
        <line num="47" count="11" type="stmt"/>
      </file>
    </package>
    <package name="CS-4800-Legumes-LTE.routes">
      <metrics statements="272" coveredstatements="270" conditionals="30" coveredconditionals="28" methods="59" coveredmethods="58"/>
      <file name="auth_middleware.js" path="C:\Users\Ryan\source\repos\CS-4800-Legumes-LTE\routes\auth_middleware.js">
        <metrics statements="4" coveredstatements="4" conditionals="2" coveredconditionals="2" methods="1" coveredmethods="1"/>
        <line num="2" count="11" type="stmt"/>
        <line num="3" count="10" type="cond" truecount="2" falsecount="0"/>
        <line num="4" count="9" type="stmt"/>
        <line num="7" count="1" type="stmt"/>
      </file>
      <file name="cart.js" path="C:\Users\Ryan\source\repos\CS-4800-Legumes-LTE\routes\cart.js">
        <metrics statements="49" coveredstatements="49" conditionals="10" coveredconditionals="9" methods="6" coveredmethods="6"/>
        <line num="1" count="11" type="stmt"/>
        <line num="3" count="11" type="stmt"/>
        <line num="6" count="11" type="stmt"/>
        <line num="7" count="11" type="stmt"/>
        <line num="9" count="11" type="stmt"/>
        <line num="13" count="11" type="stmt"/>
        <line num="17" count="1" type="stmt"/>
        <line num="18" count="1" type="stmt"/>
        <line num="19" count="2" type="stmt"/>
        <line num="22" count="1" type="stmt"/>
        <line num="23" count="1" type="stmt"/>
        <line num="25" count="1" type="stmt"/>
        <line num="26" count="2" type="stmt"/>
        <line num="27" count="4" type="cond" truecount="2" falsecount="0"/>
        <line num="28" count="2" type="stmt"/>
        <line num="32" count="1" type="stmt"/>
        <line num="37" count="1" type="stmt"/>
        <line num="39" count="1" type="stmt"/>
        <line num="40" count="2" type="cond" truecount="1" falsecount="1"/>
        <line num="41" count="2" type="stmt"/>
        <line num="45" count="1" type="stmt"/>
        <line num="47" count="1" type="stmt"/>
        <line num="48" count="1" type="stmt"/>
        <line num="49" count="2" type="stmt"/>
        <line num="51" count="1" type="stmt"/>
        <line num="53" count="1" type="stmt"/>
        <line num="54" count="2" type="stmt"/>
        <line num="56" count="1" type="stmt"/>
        <line num="61" count="11" type="stmt"/>
        <line num="65" count="2" type="stmt"/>
        <line num="66" count="2" type="stmt"/>
        <line num="67" count="2" type="stmt"/>
        <line num="68" count="2" type="stmt"/>
        <line num="71" count="2" type="stmt"/>
        <line num="72" count="5" type="cond" truecount="2" falsecount="0"/>
        <line num="73" count="1" type="stmt"/>
        <line num="74" count="1" type="stmt"/>
        <line num="79" count="2" type="cond" truecount="2" falsecount="0"/>
        <line num="80" count="1" type="stmt"/>
        <line num="82" count="2" type="stmt"/>
        <line num="86" count="11" type="stmt"/>
        <line num="90" count="1" type="stmt"/>
        <line num="93" count="1" type="stmt"/>
        <line num="94" count="1" type="stmt"/>
        <line num="95" count="3" type="cond" truecount="2" falsecount="0"/>
        <line num="96" count="2" type="stmt"/>
        <line num="97" count="1" type="stmt"/>
        <line num="98" count="1" type="stmt"/>
        <line num="101" count="11" type="stmt"/>
      </file>
      <file name="checkout.js" path="C:\Users\Ryan\source\repos\CS-4800-Legumes-LTE\routes\checkout.js">
        <metrics statements="53" coveredstatements="53" conditionals="6" coveredconditionals="6" methods="11" coveredmethods="11"/>
        <line num="1" count="11" type="stmt"/>
        <line num="2" count="11" type="stmt"/>
        <line num="5" count="11" type="stmt"/>
        <line num="6" count="11" type="stmt"/>
        <line num="7" count="11" type="stmt"/>
        <line num="9" count="11" type="stmt"/>
        <line num="12" count="11" type="stmt"/>
        <line num="15" count="2" type="stmt"/>
        <line num="22" count="2" type="cond" truecount="2" falsecount="0"/>
        <line num="24" count="1" type="stmt"/>
        <line num="26" count="1" type="stmt"/>
        <line num="27" count="1" type="stmt"/>
        <line num="37" count="1" type="stmt"/>
        <line num="38" count="1" type="stmt"/>
        <line num="39" count="1" type="stmt"/>
        <line num="43" count="1" type="stmt"/>
        <line num="45" count="2" type="stmt"/>
        <line num="50" count="2" type="stmt"/>
        <line num="57" count="2" type="cond" truecount="2" falsecount="0"/>
        <line num="59" count="1" type="stmt"/>
        <line num="61" count="1" type="stmt"/>
        <line num="62" count="1" type="stmt"/>
        <line num="72" count="1" type="stmt"/>
        <line num="73" count="1" type="stmt"/>
        <line num="74" count="1" type="stmt"/>
        <line num="78" count="1" type="stmt"/>
        <line num="80" count="2" type="stmt"/>
        <line num="85" count="2" type="stmt"/>
        <line num="86" count="2" type="stmt"/>
        <line num="87" count="4" type="stmt"/>
        <line num="88" count="4" type="stmt"/>
        <line num="89" count="4" type="stmt"/>
        <line num="90" count="4" type="stmt"/>
        <line num="91" count="4" type="stmt"/>
        <line num="94" count="2" type="stmt"/>
        <line num="98" count="2" type="stmt"/>
        <line num="100" count="2" type="stmt"/>
        <line num="101" count="2" type="stmt"/>
        <line num="102" count="4" type="stmt"/>
        <line num="105" count="2" type="stmt"/>
        <line num="107" count="2" type="stmt"/>
        <line num="108" count="4" type="stmt"/>
        <line num="109" count="8" type="cond" truecount="2" falsecount="0"/>
        <line num="110" count="4" type="stmt"/>
        <line num="114" count="2" type="stmt"/>
        <line num="119" count="2" type="stmt"/>
        <line num="121" count="2" type="stmt"/>
        <line num="122" count="2" type="stmt"/>
        <line num="134" count="2" type="stmt"/>
        <line num="135" count="2" type="stmt"/>
        <line num="136" count="2" type="stmt"/>
        <line num="137" count="2" type="stmt"/>
        <line num="141" count="11" type="stmt"/>
      </file>
      <file name="handler.js" path="C:\Users\Ryan\source\repos\CS-4800-Legumes-LTE\routes\handler.js">
        <metrics statements="7" coveredstatements="7" conditionals="0" coveredconditionals="0" methods="2" coveredmethods="2"/>
        <line num="2" count="11" type="stmt"/>
        <line num="4" count="11" type="stmt"/>
        <line num="7" count="11" type="stmt"/>
        <line num="12" count="11" type="stmt"/>
        <line num="15" count="1" type="stmt"/>
        <line num="16" count="1" type="stmt"/>
        <line num="27" count="11" type="stmt"/>
      </file>
      <file name="index.js" path="C:\Users\Ryan\source\repos\CS-4800-Legumes-LTE\routes\index.js">
        <metrics statements="21" coveredstatements="21" conditionals="0" coveredconditionals="0" methods="0" coveredmethods="0"/>
        <line num="1" count="11" type="stmt"/>
        <line num="2" count="11" type="stmt"/>
        <line num="4" count="11" type="stmt"/>
        <line num="5" count="11" type="stmt"/>
        <line num="6" count="11" type="stmt"/>
        <line num="7" count="11" type="stmt"/>
        <line num="8" count="11" type="stmt"/>
        <line num="9" count="11" type="stmt"/>
        <line num="10" count="11" type="stmt"/>
        <line num="11" count="11" type="stmt"/>
        <line num="12" count="11" type="stmt"/>
        <line num="14" count="11" type="stmt"/>
        <line num="15" count="11" type="stmt"/>
        <line num="16" count="11" type="stmt"/>
        <line num="17" count="11" type="stmt"/>
        <line num="18" count="11" type="stmt"/>
        <line num="19" count="11" type="stmt"/>
        <line num="20" count="11" type="stmt"/>
        <line num="21" count="11" type="stmt"/>
        <line num="22" count="11" type="stmt"/>
        <line num="24" count="11" type="stmt"/>
      </file>
      <file name="itemSearch.js" path="C:\Users\Ryan\source\repos\CS-4800-Legumes-LTE\routes\itemSearch.js">
        <metrics statements="11" coveredstatements="10" conditionals="0" coveredconditionals="0" methods="4" coveredmethods="3"/>
        <line num="2" count="11" type="stmt"/>
        <line num="3" count="11" type="stmt"/>
        <line num="6" count="11" type="stmt"/>
        <line num="13" count="11" type="stmt"/>
        <line num="16" count="2" type="stmt"/>
        <line num="17" count="2" type="stmt"/>
        <line num="18" count="2" type="stmt"/>
        <line num="22" count="2" type="stmt"/>
        <line num="25" count="2" type="stmt"/>
        <line num="31" count="0" type="stmt"/>
        <line num="38" count="11" type="stmt"/>
      </file>
      <file name="login.js" path="C:\Users\Ryan\source\repos\CS-4800-Legumes-LTE\routes\login.js">
        <metrics statements="14" coveredstatements="14" conditionals="0" coveredconditionals="0" methods="3" coveredmethods="3"/>
        <line num="2" count="11" type="stmt"/>
        <line num="5" count="11" type="stmt"/>
        <line num="7" count="11" type="stmt"/>
        <line num="11" count="11" type="stmt"/>
        <line num="13" count="11" type="stmt"/>
        <line num="14" count="7" type="stmt"/>
        <line num="15" count="7" type="stmt"/>
        <line num="16" count="7" type="stmt"/>
        <line num="19" count="11" type="stmt"/>
        <line num="20" count="1" type="stmt"/>
        <line num="23" count="11" type="stmt"/>
        <line num="24" count="7" type="stmt"/>
        <line num="25" count="7" type="stmt"/>
        <line num="27" count="11" type="stmt"/>
      </file>
      <file name="order_details.js" path="C:\Users\Ryan\source\repos\CS-4800-Legumes-LTE\routes\order_details.js">
        <metrics statements="25" coveredstatements="25" conditionals="0" coveredconditionals="0" methods="7" coveredmethods="7"/>
        <line num="2" count="11" type="stmt"/>
        <line num="3" count="11" type="stmt"/>
        <line num="5" count="11" type="stmt"/>
        <line num="8" count="11" type="stmt"/>
        <line num="9" count="11" type="stmt"/>
        <line num="10" count="11" type="stmt"/>
        <line num="13" count="11" type="stmt"/>
        <line num="16" count="1" type="stmt"/>
        <line num="17" count="1" type="stmt"/>
        <line num="18" count="1" type="stmt"/>
        <line num="19" count="1" type="stmt"/>
        <line num="24" count="1" type="stmt"/>
        <line num="25" count="1" type="stmt"/>
        <line num="26" count="1" type="stmt"/>
        <line num="31" count="1" type="stmt"/>
        <line num="32" count="1" type="stmt"/>
        <line num="33" count="2" type="stmt"/>
        <line num="35" count="1" type="stmt"/>
        <line num="36" count="1" type="stmt"/>
        <line num="37" count="1" type="stmt"/>
        <line num="42" count="1" type="stmt"/>
        <line num="43" count="1" type="stmt"/>
        <line num="44" count="1" type="stmt"/>
        <line num="45" count="1" type="stmt"/>
        <line num="48" count="11" type="stmt"/>
      </file>
      <file name="register.js" path="C:\Users\Ryan\source\repos\CS-4800-Legumes-LTE\routes\register.js">
        <metrics statements="22" coveredstatements="22" conditionals="2" coveredconditionals="2" methods="7" coveredmethods="7"/>
        <line num="2" count="11" type="stmt"/>
        <line num="5" count="11" type="stmt"/>
        <line num="6" count="11" type="stmt"/>
        <line num="8" count="11" type="stmt"/>
        <line num="11" count="11" type="stmt"/>
        <line num="14" count="11" type="stmt"/>
        <line num="17" count="2" type="stmt"/>
        <line num="18" count="2" type="stmt"/>
        <line num="19" count="2" type="cond" truecount="2" falsecount="0"/>
        <line num="21" count="1" type="stmt"/>
        <line num="24" count="1" type="stmt"/>
        <line num="31" count="1" type="stmt"/>
        <line num="32" count="1" type="stmt"/>
        <line num="33" count="1" type="stmt"/>
        <line num="38" count="1" type="stmt"/>
        <line num="40" count="1" type="stmt"/>
        <line num="41" count="1" type="stmt"/>
        <line num="48" count="1" type="stmt"/>
        <line num="49" count="1" type="stmt"/>
        <line num="51" count="1" type="stmt"/>
        <line num="52" count="1" type="stmt"/>
        <line num="57" count="11" type="stmt"/>
      </file>
      <file name="stores.js" path="C:\Users\Ryan\source\repos\CS-4800-Legumes-LTE\routes\stores.js">
        <metrics statements="21" coveredstatements="21" conditionals="2" coveredconditionals="2" methods="6" coveredmethods="6"/>
        <line num="1" count="11" type="stmt"/>
        <line num="3" count="11" type="stmt"/>
        <line num="5" count="11" type="stmt"/>
        <line num="8" count="11" type="stmt"/>
        <line num="9" count="11" type="stmt"/>
        <line num="14" count="11" type="stmt"/>
        <line num="17" count="1" type="stmt"/>
        <line num="18" count="1" type="stmt"/>
        <line num="34" count="11" type="stmt"/>
        <line num="37" count="2" type="stmt"/>
        <line num="38" count="2" type="stmt"/>
        <line num="39" count="2" type="stmt"/>
        <line num="40" count="20" type="cond" truecount="2" falsecount="0"/>
        <line num="41" count="4" type="stmt"/>
        <line num="43" count="20" type="stmt"/>
        <line num="45" count="2" type="stmt"/>
        <line num="46" count="2" type="stmt"/>
        <line num="52" count="2" type="stmt"/>
        <line num="53" count="2" type="stmt"/>
        <line num="54" count="2" type="stmt"/>
        <line num="58" count="11" type="stmt"/>
      </file>
      <file name="user.js" path="C:\Users\Ryan\source\repos\CS-4800-Legumes-LTE\routes\user.js">
        <metrics statements="45" coveredstatements="44" conditionals="8" coveredconditionals="7" methods="12" coveredmethods="12"/>
        <line num="2" count="11" type="stmt"/>
        <line num="3" count="11" type="stmt"/>
        <line num="6" count="11" type="stmt"/>
        <line num="7" count="11" type="stmt"/>
        <line num="8" count="11" type="stmt"/>
        <line num="9" count="11" type="stmt"/>
        <line num="10" count="11" type="stmt"/>
        <line num="12" count="11" type="stmt"/>
        <line num="15" count="11" type="stmt"/>
        <line num="16" count="2" type="stmt"/>
        <line num="17" count="2" type="cond" truecount="2" falsecount="0"/>
        <line num="18" count="1" type="stmt"/>
        <line num="19" count="1" type="stmt"/>
        <line num="22" count="1" type="stmt"/>
        <line num="24" count="2" type="stmt"/>
        <line num="28" count="11" type="stmt"/>
        <line num="31" count="2" type="stmt"/>
        <line num="32" count="2" type="stmt"/>
        <line num="33" count="2" type="stmt"/>
        <line num="34" count="2" type="stmt"/>
        <line num="39" count="2" type="stmt"/>
        <line num="40" count="2" type="stmt"/>
        <line num="41" count="2" type="stmt"/>
        <line num="46" count="2" type="stmt"/>
        <line num="47" count="2" type="cond" truecount="1" falsecount="1"/>
        <line num="48" count="0" type="stmt"/>
        <line num="50" count="2" type="cond" truecount="2" falsecount="0"/>
        <line num="51" count="1" type="stmt"/>
        <line num="53" count="2" type="stmt"/>
        <line num="58" count="2" type="cond" truecount="2" falsecount="0"/>
        <line num="59" count="1" type="stmt"/>
        <line num="60" count="1" type="stmt"/>
        <line num="61" count="1" type="stmt"/>
        <line num="65" count="1" type="stmt"/>
        <line num="70" count="2" type="stmt"/>
        <line num="71" count="2" type="stmt"/>
        <line num="72" count="2" type="stmt"/>
        <line num="77" count="2" type="stmt"/>
        <line num="78" count="2" type="stmt"/>
        <line num="79" count="2" type="stmt"/>
        <line num="80" count="2" type="stmt"/>
        <line num="81" count="2" type="stmt"/>
        <line num="82" count="2" type="stmt"/>
        <line num="83" count="2" type="stmt"/>
        <line num="86" count="11" type="stmt"/>
      </file>
    </package>
    <package name="CS-4800-Legumes-LTE.schemas">
      <metrics statements="24" coveredstatements="24" conditionals="0" coveredconditionals="0" methods="0" coveredmethods="0"/>
      <file name="customer_address_schema.js" path="C:\Users\Ryan\source\repos\CS-4800-Legumes-LTE\schemas\customer_address_schema.js">
        <metrics statements="3" coveredstatements="3" conditionals="0" coveredconditionals="0" methods="0" coveredmethods="0"/>
        <line num="1" count="11" type="stmt"/>
        <line num="4" count="11" type="stmt"/>
        <line num="18" count="11" type="stmt"/>
      </file>
      <file name="customer_schema.js" path="C:\Users\Ryan\source\repos\CS-4800-Legumes-LTE\schemas\customer_schema.js">
        <metrics statements="3" coveredstatements="3" conditionals="0" coveredconditionals="0" methods="0" coveredmethods="0"/>
        <line num="1" count="11" type="stmt"/>
        <line num="3" count="11" type="stmt"/>
        <line num="12" count="11" type="stmt"/>
      </file>
      <file name="delivery_schema.js" path="C:\Users\Ryan\source\repos\CS-4800-Legumes-LTE\schemas\delivery_schema.js">
        <metrics statements="3" coveredstatements="3" conditionals="0" coveredconditionals="0" methods="0" coveredmethods="0"/>
        <line num="1" count="11" type="stmt"/>
        <line num="3" count="11" type="stmt"/>
        <line num="21" count="11" type="stmt"/>
      </file>
      <file name="favorites_schema.js" path="C:\Users\Ryan\source\repos\CS-4800-Legumes-LTE\schemas\favorites_schema.js">
        <metrics statements="3" coveredstatements="3" conditionals="0" coveredconditionals="0" methods="0" coveredmethods="0"/>
        <line num="1" count="11" type="stmt"/>
        <line num="3" count="11" type="stmt"/>
        <line num="8" count="11" type="stmt"/>
      </file>
      <file name="handler_schema.js" path="C:\Users\Ryan\source\repos\CS-4800-Legumes-LTE\schemas\handler_schema.js">
        <metrics statements="3" coveredstatements="3" conditionals="0" coveredconditionals="0" methods="0" coveredmethods="0"/>
        <line num="1" count="11" type="stmt"/>
        <line num="3" count="11" type="stmt"/>
        <line num="19" count="11" type="stmt"/>
      </file>
      <file name="items_schema.js" path="C:\Users\Ryan\source\repos\CS-4800-Legumes-LTE\schemas\items_schema.js">
        <metrics statements="3" coveredstatements="3" conditionals="0" coveredconditionals="0" methods="0" coveredmethods="0"/>
        <line num="1" count="11" type="stmt"/>
        <line num="4" count="11" type="stmt"/>
        <line num="19" count="11" type="stmt"/>
      </file>
      <file name="payment_info_schema.js" path="C:\Users\Ryan\source\repos\CS-4800-Legumes-LTE\schemas\payment_info_schema.js">
        <metrics statements="3" coveredstatements="3" conditionals="0" coveredconditionals="0" methods="0" coveredmethods="0"/>
        <line num="1" count="11" type="stmt"/>
        <line num="3" count="11" type="stmt"/>
        <line num="16" count="11" type="stmt"/>
      </file>
      <file name="store_schema.js" path="C:\Users\Ryan\source\repos\CS-4800-Legumes-LTE\schemas\store_schema.js">
        <metrics statements="3" coveredstatements="3" conditionals="0" coveredconditionals="0" methods="0" coveredmethods="0"/>
        <line num="1" count="11" type="stmt"/>
        <line num="3" count="11" type="stmt"/>
        <line num="18" count="11" type="stmt"/>
      </file>
    </package>
  </project>
</coverage>
