{"C:\\Users\\Ryan\\source\\repos\\CS-4800-Legumes-LTE\\server_test.js": {"path":"C:\\Users\\Ryan\\source\\repos\\CS-4800-Legumes-LTE\\server_test.js","statementMap":{"0":{"start":{"line":7,"column":16},"end":{"line":7,"column":34}},"1":{"start":{"line":8,"column":17},"end":{"line":8,"column":36}},"2":{"start":{"line":9,"column":16},"end":{"line":9,"column":42}},"3":{"start":{"line":10,"column":19},"end":{"line":10,"column":43}},"4":{"start":{"line":11,"column":17},"end":{"line":11,"column":36}},"5":{"start":{"line":12,"column":13},"end":{"line":12,"column":32}},"6":{"start":{"line":13,"column":12},"end":{"line":13,"column":21}},"7":{"start":{"line":16,"column":0},"end":{"line":16,"column":26}},"8":{"start":{"line":19,"column":0},"end":{"line":19,"column":26}},"9":{"start":{"line":22,"column":18},"end":{"line":22,"column":158}},"10":{"start":{"line":33,"column":0},"end":{"line":33,"column":30}},"11":{"start":{"line":36,"column":0},"end":{"line":49,"column":4}},"12":{"start":{"line":52,"column":0},"end":{"line":52,"column":29}},"13":{"start":{"line":53,"column":0},"end":{"line":53,"column":31}},"14":{"start":{"line":54,"column":0},"end":{"line":54,"column":28}},"15":{"start":{"line":57,"column":0},"end":{"line":57,"column":24}},"16":{"start":{"line":58,"column":0},"end":{"line":58,"column":46}},"17":{"start":{"line":61,"column":0},"end":{"line":61,"column":16}},"18":{"start":{"line":65,"column":0},"end":{"line":65,"column":34}},"19":{"start":{"line":68,"column":0},"end":{"line":68,"column":55}},"20":{"start":{"line":71,"column":0},"end":{"line":73,"column":3}},"21":{"start":{"line":72,"column":2},"end":{"line":72,"column":53}},"22":{"start":{"line":76,"column":0},"end":{"line":76,"column":21}}},"fnMap":{"0":{"name":"(anonymous_0)","decl":{"start":{"line":71,"column":13},"end":{"line":71,"column":14}},"loc":{"start":{"line":71,"column":36},"end":{"line":73,"column":1}},"line":71}},"branchMap":{},"s":{"0":5,"1":5,"2":5,"3":5,"4":5,"5":5,"6":5,"7":5,"8":5,"9":5,"10":5,"11":5,"12":5,"13":5,"14":5,"15":5,"16":5,"17":5,"18":5,"19":5,"20":5,"21":0,"22":5},"f":{"0":0},"b":{},"_coverageSchema":"1a1c01bbd47fc00a2c39e90264f33305004495a9","hash":"6d71beee2a9dd36d062b4f80e3ef8889d6099084"}
,"C:\\Users\\Ryan\\source\\repos\\CS-4800-Legumes-LTE\\config\\passport.js": {"path":"C:\\Users\\Ryan\\source\\repos\\CS-4800-Legumes-LTE\\config\\passport.js","statementMap":{"0":{"start":{"line":1,"column":17},"end":{"line":1,"column":36}},"1":{"start":{"line":2,"column":22},"end":{"line":2,"column":56}},"2":{"start":{"line":3,"column":17},"end":{"line":3,"column":54}},"3":{"start":{"line":6,"column":15},"end":{"line":6,"column":32}},"4":{"start":{"line":8,"column":21},"end":{"line":11,"column":1}},"5":{"start":{"line":13,"column":23},"end":{"line":31,"column":1}},"6":{"start":{"line":14,"column":4},"end":{"line":30,"column":11}},"7":{"start":{"line":16,"column":12},"end":{"line":18,"column":13}},"8":{"start":{"line":17,"column":16},"end":{"line":17,"column":41}},"9":{"start":{"line":19,"column":12},"end":{"line":26,"column":15}},"10":{"start":{"line":20,"column":16},"end":{"line":25,"column":17}},"11":{"start":{"line":21,"column":20},"end":{"line":21,"column":44}},"12":{"start":{"line":24,"column":20},"end":{"line":24,"column":45}},"13":{"start":{"line":29,"column":12},"end":{"line":29,"column":22}},"14":{"start":{"line":33,"column":0},"end":{"line":35,"column":5}},"15":{"start":{"line":34,"column":4},"end":{"line":34,"column":24}},"16":{"start":{"line":37,"column":2},"end":{"line":43,"column":5}},"17":{"start":{"line":38,"column":6},"end":{"line":42,"column":33}},"18":{"start":{"line":40,"column":12},"end":{"line":40,"column":29}},"19":{"start":{"line":42,"column":22},"end":{"line":42,"column":31}},"20":{"start":{"line":45,"column":17},"end":{"line":45,"column":64}},"21":{"start":{"line":47,"column":0},"end":{"line":47,"column":23}}},"fnMap":{"0":{"name":"(anonymous_0)","decl":{"start":{"line":13,"column":23},"end":{"line":13,"column":24}},"loc":{"start":{"line":13,"column":53},"end":{"line":31,"column":1}},"line":13},"1":{"name":"(anonymous_1)","decl":{"start":{"line":15,"column":14},"end":{"line":15,"column":15}},"loc":{"start":{"line":15,"column":23},"end":{"line":27,"column":9}},"line":15},"2":{"name":"(anonymous_2)","decl":{"start":{"line":19,"column":59},"end":{"line":19,"column":60}},"loc":{"start":{"line":19,"column":82},"end":{"line":26,"column":13}},"line":19},"3":{"name":"(anonymous_3)","decl":{"start":{"line":28,"column":15},"end":{"line":28,"column":16}},"loc":{"start":{"line":28,"column":24},"end":{"line":30,"column":9}},"line":28},"4":{"name":"(anonymous_4)","decl":{"start":{"line":33,"column":23},"end":{"line":33,"column":24}},"loc":{"start":{"line":33,"column":44},"end":{"line":35,"column":3}},"line":33},"5":{"name":"(anonymous_5)","decl":{"start":{"line":37,"column":27},"end":{"line":37,"column":28}},"loc":{"start":{"line":37,"column":50},"end":{"line":43,"column":3}},"line":37},"6":{"name":"(anonymous_6)","decl":{"start":{"line":39,"column":14},"end":{"line":39,"column":15}},"loc":{"start":{"line":39,"column":24},"end":{"line":41,"column":9}},"line":39},"7":{"name":"(anonymous_7)","decl":{"start":{"line":42,"column":15},"end":{"line":42,"column":16}},"loc":{"start":{"line":42,"column":22},"end":{"line":42,"column":31}},"line":42}},"branchMap":{"0":{"loc":{"start":{"line":16,"column":12},"end":{"line":18,"column":13}},"type":"if","locations":[{"start":{"line":16,"column":12},"end":{"line":18,"column":13}},{"start":{"line":16,"column":12},"end":{"line":18,"column":13}}],"line":16},"1":{"loc":{"start":{"line":20,"column":16},"end":{"line":25,"column":17}},"type":"if","locations":[{"start":{"line":20,"column":16},"end":{"line":25,"column":17}},{"start":{"line":20,"column":16},"end":{"line":25,"column":17}}],"line":20}},"s":{"0":5,"1":5,"2":5,"3":5,"4":5,"5":5,"6":2,"7":2,"8":0,"9":2,"10":2,"11":1,"12":1,"13":0,"14":5,"15":1,"16":5,"17":0,"18":0,"19":0,"20":5,"21":5},"f":{"0":2,"1":2,"2":2,"3":0,"4":1,"5":0,"6":0,"7":0},"b":{"0":[0,2],"1":[1,1]},"_coverageSchema":"1a1c01bbd47fc00a2c39e90264f33305004495a9","hash":"530761c4e6117a39b8b1084a2fe56419bb42d204"}
,"C:\\Users\\Ryan\\source\\repos\\CS-4800-Legumes-LTE\\routes\\auth_middleware.js": {"path":"C:\\Users\\Ryan\\source\\repos\\CS-4800-Legumes-LTE\\routes\\auth_middleware.js","statementMap":{"0":{"start":{"line":2,"column":0},"end":{"line":9,"column":1}},"1":{"start":{"line":3,"column":4},"end":{"line":8,"column":5}},"2":{"start":{"line":4,"column":8},"end":{"line":4,"column":15}},"3":{"start":{"line":7,"column":8},"end":{"line":7,"column":64}}},"fnMap":{"0":{"name":"(anonymous_0)","decl":{"start":{"line":2,"column":24},"end":{"line":2,"column":25}},"loc":{"start":{"line":2,"column":44},"end":{"line":9,"column":1}},"line":2}},"branchMap":{"0":{"loc":{"start":{"line":3,"column":4},"end":{"line":8,"column":5}},"type":"if","locations":[{"start":{"line":3,"column":4},"end":{"line":8,"column":5}},{"start":{"line":3,"column":4},"end":{"line":8,"column":5}}],"line":3}},"s":{"0":5,"1":0,"2":0,"3":0},"f":{"0":0},"b":{"0":[0,0]},"_coverageSchema":"1a1c01bbd47fc00a2c39e90264f33305004495a9","hash":"dc82bf03debfc59209278a0b206266d6a9c90161"}
,"C:\\Users\\Ryan\\source\\repos\\CS-4800-Legumes-LTE\\routes\\cart.js": {"path":"C:\\Users\\Ryan\\source\\repos\\CS-4800-Legumes-LTE\\routes\\cart.js","statementMap":{"0":{"start":{"line":1,"column":15},"end":{"line":1,"column":50}},"1":{"start":{"line":3,"column":14},"end":{"line":3,"column":32}},"2":{"start":{"line":6,"column":12},"end":{"line":6,"column":46}},"3":{"start":{"line":7,"column":11},"end":{"line":7,"column":45}},"4":{"start":{"line":9,"column":13},"end":{"line":9,"column":29}},"5":{"start":{"line":13,"column":0},"end":{"line":13,"column":53}},"6":{"start":{"line":17,"column":18},"end":{"line":17,"column":20}},"7":{"start":{"line":18,"column":4},"end":{"line":20,"column":5}},"8":{"start":{"line":19,"column":8},"end":{"line":19,"column":40}},"9":{"start":{"line":22,"column":4},"end":{"line":33,"column":6}},"10":{"start":{"line":23,"column":8},"end":{"line":23,"column":33}},"11":{"start":{"line":25,"column":8},"end":{"line":31,"column":9}},"12":{"start":{"line":26,"column":12},"end":{"line":30,"column":13}},"13":{"start":{"line":27,"column":16},"end":{"line":29,"column":17}},"14":{"start":{"line":28,"column":20},"end":{"line":28,"column":55}},"15":{"start":{"line":32,"column":8},"end":{"line":32,"column":15}},"16":{"start":{"line":37,"column":20},"end":{"line":37,"column":22}},"17":{"start":{"line":39,"column":4},"end":{"line":43,"column":5}},"18":{"start":{"line":40,"column":8},"end":{"line":42,"column":9}},"19":{"start":{"line":41,"column":12},"end":{"line":41,"column":42}},"20":{"start":{"line":45,"column":4},"end":{"line":57,"column":7}},"21":{"start":{"line":47,"column":26},"end":{"line":47,"column":35}},"22":{"start":{"line":48,"column":8},"end":{"line":50,"column":9}},"23":{"start":{"line":49,"column":12},"end":{"line":49,"column":62}},"24":{"start":{"line":51,"column":8},"end":{"line":51,"column":33}},"25":{"start":{"line":53,"column":8},"end":{"line":55,"column":9}},"26":{"start":{"line":54,"column":12},"end":{"line":54,"column":61}},"27":{"start":{"line":56,"column":8},"end":{"line":56,"column":35}},"28":{"start":{"line":61,"column":0},"end":{"line":63,"column":2}},"29":{"start":{"line":62,"column":4},"end":{"line":62,"column":62}},"30":{"start":{"line":66,"column":0},"end":{"line":66,"column":39}},"31":{"start":{"line":70,"column":15},"end":{"line":70,"column":17}},"32":{"start":{"line":71,"column":16},"end":{"line":71,"column":21}},"33":{"start":{"line":72,"column":4},"end":{"line":72,"column":36}},"34":{"start":{"line":73,"column":4},"end":{"line":73,"column":38}},"35":{"start":{"line":76,"column":4},"end":{"line":81,"column":5}},"36":{"start":{"line":77,"column":8},"end":{"line":80,"column":9}},"37":{"start":{"line":78,"column":12},"end":{"line":78,"column":48}},"38":{"start":{"line":79,"column":12},"end":{"line":79,"column":25}},"39":{"start":{"line":84,"column":4},"end":{"line":86,"column":5}},"40":{"start":{"line":85,"column":8},"end":{"line":85,"column":36}},"41":{"start":{"line":87,"column":4},"end":{"line":87,"column":19}},"42":{"start":{"line":91,"column":0},"end":{"line":91,"column":47}},"43":{"start":{"line":95,"column":18},"end":{"line":95,"column":34}},"44":{"start":{"line":98,"column":19},"end":{"line":98,"column":21}},"45":{"start":{"line":99,"column":4},"end":{"line":101,"column":36}},"46":{"start":{"line":100,"column":8},"end":{"line":101,"column":36}},"47":{"start":{"line":101,"column":12},"end":{"line":101,"column":36}},"48":{"start":{"line":102,"column":4},"end":{"line":102,"column":32}},"49":{"start":{"line":103,"column":4},"end":{"line":103,"column":29}},"50":{"start":{"line":106,"column":0},"end":{"line":106,"column":24}}},"fnMap":{"0":{"name":"getCartItems","decl":{"start":{"line":15,"column":9},"end":{"line":15,"column":21}},"loc":{"start":{"line":15,"column":37},"end":{"line":34,"column":1}},"line":15},"1":{"name":"(anonymous_1)","decl":{"start":{"line":22,"column":53},"end":{"line":22,"column":54}},"loc":{"start":{"line":22,"column":73},"end":{"line":33,"column":5}},"line":22},"2":{"name":"getStoreNames","decl":{"start":{"line":36,"column":9},"end":{"line":36,"column":22}},"loc":{"start":{"line":36,"column":32},"end":{"line":58,"column":1}},"line":36},"3":{"name":"(anonymous_3)","decl":{"start":{"line":45,"column":45},"end":{"line":45,"column":46}},"loc":{"start":{"line":45,"column":66},"end":{"line":57,"column":5}},"line":45},"4":{"name":"(anonymous_4)","decl":{"start":{"line":61,"column":21},"end":{"line":61,"column":22}},"loc":{"start":{"line":61,"column":45},"end":{"line":63,"column":1}},"line":61},"5":{"name":"addToCart","decl":{"start":{"line":68,"column":9},"end":{"line":68,"column":18}},"loc":{"start":{"line":68,"column":34},"end":{"line":88,"column":1}},"line":68},"6":{"name":"removeFromCart","decl":{"start":{"line":93,"column":9},"end":{"line":93,"column":23}},"loc":{"start":{"line":93,"column":34},"end":{"line":104,"column":1}},"line":93}},"branchMap":{"0":{"loc":{"start":{"line":27,"column":16},"end":{"line":29,"column":17}},"type":"if","locations":[{"start":{"line":27,"column":16},"end":{"line":29,"column":17}},{"start":{"line":27,"column":16},"end":{"line":29,"column":17}}],"line":27},"1":{"loc":{"start":{"line":40,"column":8},"end":{"line":42,"column":9}},"type":"if","locations":[{"start":{"line":40,"column":8},"end":{"line":42,"column":9}},{"start":{"line":40,"column":8},"end":{"line":42,"column":9}}],"line":40},"2":{"loc":{"start":{"line":77,"column":8},"end":{"line":80,"column":9}},"type":"if","locations":[{"start":{"line":77,"column":8},"end":{"line":80,"column":9}},{"start":{"line":77,"column":8},"end":{"line":80,"column":9}}],"line":77},"3":{"loc":{"start":{"line":84,"column":4},"end":{"line":86,"column":5}},"type":"if","locations":[{"start":{"line":84,"column":4},"end":{"line":86,"column":5}},{"start":{"line":84,"column":4},"end":{"line":86,"column":5}}],"line":84},"4":{"loc":{"start":{"line":100,"column":8},"end":{"line":101,"column":36}},"type":"if","locations":[{"start":{"line":100,"column":8},"end":{"line":101,"column":36}},{"start":{"line":100,"column":8},"end":{"line":101,"column":36}}],"line":100}},"s":{"0":5,"1":5,"2":5,"3":5,"4":5,"5":5,"6":0,"7":0,"8":0,"9":0,"10":0,"11":0,"12":0,"13":0,"14":0,"15":0,"16":0,"17":0,"18":0,"19":0,"20":0,"21":0,"22":0,"23":0,"24":0,"25":0,"26":0,"27":0,"28":5,"29":0,"30":5,"31":0,"32":0,"33":0,"34":0,"35":0,"36":0,"37":0,"38":0,"39":0,"40":0,"41":0,"42":5,"43":0,"44":0,"45":0,"46":0,"47":0,"48":0,"49":0,"50":5},"f":{"0":0,"1":0,"2":0,"3":0,"4":0,"5":0,"6":0},"b":{"0":[0,0],"1":[0,0],"2":[0,0],"3":[0,0],"4":[0,0]},"_coverageSchema":"1a1c01bbd47fc00a2c39e90264f33305004495a9","hash":"b9f49b24b38d4bae06cb14a021927dbb7531746c"}
,"C:\\Users\\Ryan\\source\\repos\\CS-4800-Legumes-LTE\\routes\\checkout.js": {"path":"C:\\Users\\Ryan\\source\\repos\\CS-4800-Legumes-LTE\\routes\\checkout.js","statementMap":{"0":{"start":{"line":1,"column":14},"end":{"line":1,"column":32}},"1":{"start":{"line":2,"column":15},"end":{"line":2,"column":50}},"2":{"start":{"line":5,"column":11},"end":{"line":5,"column":45}},"3":{"start":{"line":6,"column":22},"end":{"line":6,"column":67}},"4":{"start":{"line":7,"column":15},"end":{"line":7,"column":52}},"5":{"start":{"line":9,"column":13},"end":{"line":9,"column":29}},"6":{"start":{"line":12,"column":0},"end":{"line":12,"column":121}},"7":{"start":{"line":15,"column":4},"end":{"line":46,"column":6}},"8":{"start":{"line":22,"column":8},"end":{"line":44,"column":9}},"9":{"start":{"line":24,"column":12},"end":{"line":40,"column":15}},"10":{"start":{"line":26,"column":29},"end":{"line":26,"column":51}},"11":{"start":{"line":27,"column":44},"end":{"line":36,"column":17}},"12":{"start":{"line":37,"column":35},"end":{"line":37,"column":77}},"13":{"start":{"line":38,"column":16},"end":{"line":38,"column":36}},"14":{"start":{"line":39,"column":16},"end":{"line":39,"column":54}},"15":{"start":{"line":43,"column":12},"end":{"line":43,"column":71}},"16":{"start":{"line":45,"column":8},"end":{"line":45,"column":15}},"17":{"start":{"line":50,"column":4},"end":{"line":81,"column":6}},"18":{"start":{"line":57,"column":8},"end":{"line":79,"column":9}},"19":{"start":{"line":59,"column":12},"end":{"line":75,"column":15}},"20":{"start":{"line":61,"column":29},"end":{"line":61,"column":51}},"21":{"start":{"line":62,"column":43},"end":{"line":71,"column":17}},"22":{"start":{"line":72,"column":34},"end":{"line":72,"column":75}},"23":{"start":{"line":73,"column":16},"end":{"line":73,"column":35}},"24":{"start":{"line":74,"column":16},"end":{"line":74,"column":53}},"25":{"start":{"line":78,"column":12},"end":{"line":78,"column":69}},"26":{"start":{"line":80,"column":8},"end":{"line":80,"column":15}},"27":{"start":{"line":85,"column":4},"end":{"line":85,"column":34}},"28":{"start":{"line":86,"column":4},"end":{"line":93,"column":5}},"29":{"start":{"line":87,"column":23},"end":{"line":87,"column":41}},"30":{"start":{"line":88,"column":8},"end":{"line":88,"column":30}},"31":{"start":{"line":89,"column":19},"end":{"line":89,"column":83}},"32":{"start":{"line":90,"column":8},"end":{"line":90,"column":43}},"33":{"start":{"line":91,"column":8},"end":{"line":91,"column":26}},"34":{"start":{"line":94,"column":4},"end":{"line":94,"column":11}},"35":{"start":{"line":98,"column":4},"end":{"line":98,"column":25}},"36":{"start":{"line":100,"column":18},"end":{"line":100,"column":20}},"37":{"start":{"line":101,"column":4},"end":{"line":103,"column":5}},"38":{"start":{"line":102,"column":8},"end":{"line":102,"column":40}},"39":{"start":{"line":105,"column":4},"end":{"line":115,"column":6}},"40":{"start":{"line":107,"column":8},"end":{"line":113,"column":9}},"41":{"start":{"line":108,"column":12},"end":{"line":112,"column":13}},"42":{"start":{"line":109,"column":16},"end":{"line":111,"column":17}},"43":{"start":{"line":110,"column":20},"end":{"line":110,"column":74}},"44":{"start":{"line":114,"column":8},"end":{"line":114,"column":15}},"45":{"start":{"line":119,"column":4},"end":{"line":138,"column":11}},"46":{"start":{"line":121,"column":21},"end":{"line":121,"column":45}},"47":{"start":{"line":122,"column":27},"end":{"line":133,"column":9}},"48":{"start":{"line":134,"column":27},"end":{"line":134,"column":53}},"49":{"start":{"line":135,"column":8},"end":{"line":135,"column":28}},"50":{"start":{"line":136,"column":8},"end":{"line":136,"column":46}},"51":{"start":{"line":137,"column":8},"end":{"line":137,"column":23}},"52":{"start":{"line":141,"column":0},"end":{"line":141,"column":24}}},"fnMap":{"0":{"name":"getShippingAddress","decl":{"start":{"line":14,"column":9},"end":{"line":14,"column":27}},"loc":{"start":{"line":14,"column":43},"end":{"line":47,"column":1}},"line":14},"1":{"name":"(anonymous_1)","decl":{"start":{"line":21,"column":7},"end":{"line":21,"column":8}},"loc":{"start":{"line":21,"column":38},"end":{"line":46,"column":5}},"line":21},"2":{"name":"(anonymous_2)","decl":{"start":{"line":24,"column":71},"end":{"line":24,"column":72}},"loc":{"start":{"line":24,"column":94},"end":{"line":40,"column":13}},"line":24},"3":{"name":"getBillingAddress","decl":{"start":{"line":49,"column":9},"end":{"line":49,"column":26}},"loc":{"start":{"line":49,"column":42},"end":{"line":82,"column":1}},"line":49},"4":{"name":"(anonymous_4)","decl":{"start":{"line":56,"column":7},"end":{"line":56,"column":8}},"loc":{"start":{"line":56,"column":37},"end":{"line":81,"column":5}},"line":56},"5":{"name":"(anonymous_5)","decl":{"start":{"line":59,"column":71},"end":{"line":59,"column":72}},"loc":{"start":{"line":59,"column":94},"end":{"line":75,"column":13}},"line":59},"6":{"name":"updateStock","decl":{"start":{"line":84,"column":15},"end":{"line":84,"column":26}},"loc":{"start":{"line":84,"column":42},"end":{"line":95,"column":1}},"line":84},"7":{"name":"calculateCartTotal","decl":{"start":{"line":97,"column":9},"end":{"line":97,"column":27}},"loc":{"start":{"line":97,"column":43},"end":{"line":116,"column":1}},"line":97},"8":{"name":"(anonymous_8)","decl":{"start":{"line":105,"column":53},"end":{"line":105,"column":54}},"loc":{"start":{"line":105,"column":73},"end":{"line":115,"column":5}},"line":105},"9":{"name":"createDeliveryDocument","decl":{"start":{"line":118,"column":9},"end":{"line":118,"column":31}},"loc":{"start":{"line":118,"column":47},"end":{"line":139,"column":1}},"line":118},"10":{"name":"(anonymous_10)","decl":{"start":{"line":119,"column":56},"end":{"line":119,"column":57}},"loc":{"start":{"line":119,"column":80},"end":{"line":138,"column":9}},"line":119}},"branchMap":{"0":{"loc":{"start":{"line":22,"column":8},"end":{"line":44,"column":9}},"type":"if","locations":[{"start":{"line":22,"column":8},"end":{"line":44,"column":9}},{"start":{"line":22,"column":8},"end":{"line":44,"column":9}}],"line":22},"1":{"loc":{"start":{"line":57,"column":8},"end":{"line":79,"column":9}},"type":"if","locations":[{"start":{"line":57,"column":8},"end":{"line":79,"column":9}},{"start":{"line":57,"column":8},"end":{"line":79,"column":9}}],"line":57},"2":{"loc":{"start":{"line":109,"column":16},"end":{"line":111,"column":17}},"type":"if","locations":[{"start":{"line":109,"column":16},"end":{"line":111,"column":17}},{"start":{"line":109,"column":16},"end":{"line":111,"column":17}}],"line":109}},"s":{"0":5,"1":5,"2":5,"3":5,"4":5,"5":5,"6":5,"7":0,"8":0,"9":0,"10":0,"11":0,"12":0,"13":0,"14":0,"15":0,"16":0,"17":0,"18":0,"19":0,"20":0,"21":0,"22":0,"23":0,"24":0,"25":0,"26":0,"27":0,"28":0,"29":0,"30":0,"31":0,"32":0,"33":0,"34":0,"35":0,"36":0,"37":0,"38":0,"39":0,"40":0,"41":0,"42":0,"43":0,"44":0,"45":0,"46":0,"47":0,"48":0,"49":0,"50":0,"51":0,"52":5},"f":{"0":0,"1":0,"2":0,"3":0,"4":0,"5":0,"6":0,"7":0,"8":0,"9":0,"10":0},"b":{"0":[0,0],"1":[0,0],"2":[0,0]},"_coverageSchema":"1a1c01bbd47fc00a2c39e90264f33305004495a9","hash":"3f94c5901f70ea89028dfbe23fb2f429c4fb9a2f"}
,"C:\\Users\\Ryan\\source\\repos\\CS-4800-Legumes-LTE\\routes\\handler.js": {"path":"C:\\Users\\Ryan\\source\\repos\\CS-4800-Legumes-LTE\\routes\\handler.js","statementMap":{"0":{"start":{"line":2,"column":14},"end":{"line":2,"column":32}},"1":{"start":{"line":4,"column":13},"end":{"line":4,"column":29}},"2":{"start":{"line":7,"column":14},"end":{"line":7,"column":50}},"3":{"start":{"line":12,"column":0},"end":{"line":12,"column":60}},"4":{"start":{"line":15,"column":4},"end":{"line":19,"column":7}},"5":{"start":{"line":16,"column":8},"end":{"line":16,"column":26}},"6":{"start":{"line":27,"column":0},"end":{"line":27,"column":24}}},"fnMap":{"0":{"name":"getHandlers","decl":{"start":{"line":14,"column":9},"end":{"line":14,"column":20}},"loc":{"start":{"line":14,"column":36},"end":{"line":20,"column":1}},"line":14},"1":{"name":"(anonymous_1)","decl":{"start":{"line":15,"column":21},"end":{"line":15,"column":22}},"loc":{"start":{"line":15,"column":45},"end":{"line":19,"column":5}},"line":15}},"branchMap":{},"s":{"0":5,"1":5,"2":5,"3":5,"4":1,"5":1,"6":5},"f":{"0":1,"1":1},"b":{},"_coverageSchema":"1a1c01bbd47fc00a2c39e90264f33305004495a9","hash":"eb67a6873bd255a69c715f0e53dbc3eb6e71100b"}
,"C:\\Users\\Ryan\\source\\repos\\CS-4800-Legumes-LTE\\routes\\index.js": {"path":"C:\\Users\\Ryan\\source\\repos\\CS-4800-Legumes-LTE\\routes\\index.js","statementMap":{"0":{"start":{"line":1,"column":14},"end":{"line":1,"column":32}},"1":{"start":{"line":2,"column":13},"end":{"line":2,"column":29}},"2":{"start":{"line":4,"column":18},"end":{"line":4,"column":37}},"3":{"start":{"line":5,"column":21},"end":{"line":5,"column":42}},"4":{"start":{"line":6,"column":18},"end":{"line":6,"column":36}},"5":{"start":{"line":7,"column":17},"end":{"line":7,"column":34}},"6":{"start":{"line":8,"column":17},"end":{"line":8,"column":34}},"7":{"start":{"line":9,"column":20},"end":{"line":9,"column":40}},"8":{"start":{"line":10,"column":21},"end":{"line":10,"column":42}},"9":{"start":{"line":11,"column":19},"end":{"line":11,"column":42}},"10":{"start":{"line":12,"column":25},"end":{"line":12,"column":51}},"11":{"start":{"line":14,"column":0},"end":{"line":14,"column":34}},"12":{"start":{"line":15,"column":0},"end":{"line":15,"column":39}},"13":{"start":{"line":16,"column":0},"end":{"line":16,"column":33}},"14":{"start":{"line":17,"column":0},"end":{"line":17,"column":31}},"15":{"start":{"line":18,"column":0},"end":{"line":18,"column":31}},"16":{"start":{"line":19,"column":0},"end":{"line":19,"column":37}},"17":{"start":{"line":20,"column":0},"end":{"line":20,"column":39}},"18":{"start":{"line":21,"column":0},"end":{"line":21,"column":35}},"19":{"start":{"line":22,"column":0},"end":{"line":22,"column":48}},"20":{"start":{"line":24,"column":0},"end":{"line":24,"column":24}}},"fnMap":{},"branchMap":{},"s":{"0":5,"1":5,"2":5,"3":5,"4":5,"5":5,"6":5,"7":5,"8":5,"9":5,"10":5,"11":5,"12":5,"13":5,"14":5,"15":5,"16":5,"17":5,"18":5,"19":5,"20":5},"f":{},"b":{},"_coverageSchema":"1a1c01bbd47fc00a2c39e90264f33305004495a9","hash":"0f2caee78d97b7d2bfa122825291a4ac94c83107"}
,"C:\\Users\\Ryan\\source\\repos\\CS-4800-Legumes-LTE\\routes\\itemSearch.js": {"path":"C:\\Users\\Ryan\\source\\repos\\CS-4800-Legumes-LTE\\routes\\itemSearch.js","statementMap":{"0":{"start":{"line":2,"column":14},"end":{"line":2,"column":32}},"1":{"start":{"line":3,"column":13},"end":{"line":3,"column":29}},"2":{"start":{"line":6,"column":11},"end":{"line":6,"column":45}},"3":{"start":{"line":13,"column":0},"end":{"line":13,"column":63}},"4":{"start":{"line":16,"column":2},"end":{"line":16,"column":31}},"5":{"start":{"line":17,"column":2},"end":{"line":17,"column":21}},"6":{"start":{"line":18,"column":2},"end":{"line":18,"column":9}},"7":{"start":{"line":22,"column":2},"end":{"line":35,"column":7}},"8":{"start":{"line":25,"column":6},"end":{"line":28,"column":9}},"9":{"start":{"line":31,"column":6},"end":{"line":34,"column":9}},"10":{"start":{"line":38,"column":0},"end":{"line":38,"column":24}}},"fnMap":{"0":{"name":"getSearchEntry","decl":{"start":{"line":15,"column":9},"end":{"line":15,"column":23}},"loc":{"start":{"line":15,"column":40},"end":{"line":19,"column":1}},"line":15},"1":{"name":"getSearchResultsCategory","decl":{"start":{"line":21,"column":9},"end":{"line":21,"column":33}},"loc":{"start":{"line":21,"column":50},"end":{"line":36,"column":1}},"line":21},"2":{"name":"(anonymous_2)","decl":{"start":{"line":24,"column":10},"end":{"line":24,"column":11}},"loc":{"start":{"line":24,"column":18},"end":{"line":29,"column":5}},"line":24},"3":{"name":"(anonymous_3)","decl":{"start":{"line":30,"column":11},"end":{"line":30,"column":12}},"loc":{"start":{"line":30,"column":18},"end":{"line":35,"column":5}},"line":30}},"branchMap":{},"s":{"0":5,"1":5,"2":5,"3":5,"4":2,"5":2,"6":2,"7":2,"8":2,"9":0,"10":5},"f":{"0":2,"1":2,"2":2,"3":0},"b":{},"_coverageSchema":"1a1c01bbd47fc00a2c39e90264f33305004495a9","hash":"d26c3a1b5bc9d3d3a12baa4e2e48b8892b1d1880"}
,"C:\\Users\\Ryan\\source\\repos\\CS-4800-Legumes-LTE\\routes\\login.js": {"path":"C:\\Users\\Ryan\\source\\repos\\CS-4800-Legumes-LTE\\routes\\login.js","statementMap":{"0":{"start":{"line":2,"column":14},"end":{"line":2,"column":32}},"1":{"start":{"line":5,"column":17},"end":{"line":5,"column":36}},"2":{"start":{"line":7,"column":13},"end":{"line":7,"column":29}},"3":{"start":{"line":11,"column":0},"end":{"line":11,"column":140}},"4":{"start":{"line":13,"column":0},"end":{"line":17,"column":2}},"5":{"start":{"line":14,"column":4},"end":{"line":14,"column":79}},"6":{"start":{"line":15,"column":4},"end":{"line":15,"column":18}},"7":{"start":{"line":16,"column":4},"end":{"line":16,"column":11}},"8":{"start":{"line":19,"column":0},"end":{"line":21,"column":2}},"9":{"start":{"line":20,"column":4},"end":{"line":20,"column":20}},"10":{"start":{"line":23,"column":0},"end":{"line":26,"column":3}},"11":{"start":{"line":24,"column":4},"end":{"line":24,"column":17}},"12":{"start":{"line":25,"column":4},"end":{"line":25,"column":22}},"13":{"start":{"line":27,"column":0},"end":{"line":27,"column":24}}},"fnMap":{"0":{"name":"(anonymous_0)","decl":{"start":{"line":13,"column":29},"end":{"line":13,"column":30}},"loc":{"start":{"line":13,"column":49},"end":{"line":17,"column":1}},"line":13},"1":{"name":"(anonymous_1)","decl":{"start":{"line":19,"column":29},"end":{"line":19,"column":30}},"loc":{"start":{"line":19,"column":49},"end":{"line":21,"column":1}},"line":19},"2":{"name":"(anonymous_2)","decl":{"start":{"line":23,"column":22},"end":{"line":23,"column":23}},"loc":{"start":{"line":23,"column":42},"end":{"line":26,"column":1}},"line":23}},"branchMap":{},"s":{"0":5,"1":5,"2":5,"3":5,"4":5,"5":1,"6":1,"7":1,"8":5,"9":1,"10":5,"11":1,"12":1,"13":5},"f":{"0":1,"1":1,"2":1},"b":{},"_coverageSchema":"1a1c01bbd47fc00a2c39e90264f33305004495a9","hash":"3b07c4d9bde4b8c26c1cab9f784468ebeb6300be"}
,"C:\\Users\\Ryan\\source\\repos\\CS-4800-Legumes-LTE\\routes\\order_details.js": {"path":"C:\\Users\\Ryan\\source\\repos\\CS-4800-Legumes-LTE\\routes\\order_details.js","statementMap":{"0":{"start":{"line":2,"column":14},"end":{"line":2,"column":32}},"1":{"start":{"line":3,"column":15},"end":{"line":3,"column":50}},"2":{"start":{"line":5,"column":13},"end":{"line":5,"column":29}},"3":{"start":{"line":8,"column":11},"end":{"line":8,"column":45}},"4":{"start":{"line":9,"column":15},"end":{"line":9,"column":52}},"5":{"start":{"line":10,"column":14},"end":{"line":10,"column":50}},"6":{"start":{"line":13,"column":0},"end":{"line":13,"column":91}},"7":{"start":{"line":16,"column":4},"end":{"line":20,"column":6}},"8":{"start":{"line":17,"column":8},"end":{"line":17,"column":50}},"9":{"start":{"line":18,"column":8},"end":{"line":18,"column":60}},"10":{"start":{"line":19,"column":8},"end":{"line":19,"column":15}},"11":{"start":{"line":24,"column":4},"end":{"line":27,"column":6}},"12":{"start":{"line":25,"column":8},"end":{"line":25,"column":47}},"13":{"start":{"line":26,"column":8},"end":{"line":26,"column":15}},"14":{"start":{"line":31,"column":21},"end":{"line":31,"column":23}},"15":{"start":{"line":32,"column":4},"end":{"line":34,"column":5}},"16":{"start":{"line":33,"column":8},"end":{"line":33,"column":36}},"17":{"start":{"line":35,"column":4},"end":{"line":38,"column":6}},"18":{"start":{"line":36,"column":8},"end":{"line":36,"column":43}},"19":{"start":{"line":37,"column":8},"end":{"line":37,"column":15}},"20":{"start":{"line":42,"column":15},"end":{"line":42,"column":17}},"21":{"start":{"line":43,"column":4},"end":{"line":43,"column":48}},"22":{"start":{"line":44,"column":4},"end":{"line":44,"column":54}},"23":{"start":{"line":45,"column":4},"end":{"line":45,"column":19}},"24":{"start":{"line":48,"column":0},"end":{"line":48,"column":24}}},"fnMap":{"0":{"name":"getDelivery","decl":{"start":{"line":15,"column":9},"end":{"line":15,"column":20}},"loc":{"start":{"line":15,"column":36},"end":{"line":21,"column":1}},"line":15},"1":{"name":"(anonymous_1)","decl":{"start":{"line":16,"column":58},"end":{"line":16,"column":59}},"loc":{"start":{"line":16,"column":79},"end":{"line":20,"column":5}},"line":16},"2":{"name":"getHandlerName","decl":{"start":{"line":23,"column":9},"end":{"line":23,"column":23}},"loc":{"start":{"line":23,"column":39},"end":{"line":28,"column":1}},"line":23},"3":{"name":"(anonymous_3)","decl":{"start":{"line":24,"column":57},"end":{"line":24,"column":58}},"loc":{"start":{"line":24,"column":79},"end":{"line":27,"column":5}},"line":24},"4":{"name":"getPurchasedItems","decl":{"start":{"line":30,"column":9},"end":{"line":30,"column":26}},"loc":{"start":{"line":30,"column":42},"end":{"line":39,"column":1}},"line":30},"5":{"name":"(anonymous_5)","decl":{"start":{"line":35,"column":42},"end":{"line":35,"column":43}},"loc":{"start":{"line":35,"column":62},"end":{"line":38,"column":5}},"line":35},"6":{"name":"packageAndReturn","decl":{"start":{"line":41,"column":9},"end":{"line":41,"column":25}},"loc":{"start":{"line":41,"column":35},"end":{"line":46,"column":1}},"line":41}},"branchMap":{},"s":{"0":5,"1":5,"2":5,"3":5,"4":5,"5":5,"6":5,"7":0,"8":0,"9":0,"10":0,"11":0,"12":0,"13":0,"14":0,"15":0,"16":0,"17":0,"18":0,"19":0,"20":0,"21":0,"22":0,"23":0,"24":5},"f":{"0":0,"1":0,"2":0,"3":0,"4":0,"5":0,"6":0},"b":{},"_coverageSchema":"1a1c01bbd47fc00a2c39e90264f33305004495a9","hash":"48445e552dcce8abc3045b4c9aa036595d62b69c"}
,"C:\\Users\\Ryan\\source\\repos\\CS-4800-Legumes-LTE\\routes\\register.js": {"path":"C:\\Users\\Ryan\\source\\repos\\CS-4800-Legumes-LTE\\routes\\register.js","statementMap":{"0":{"start":{"line":2,"column":14},"end":{"line":2,"column":32}},"1":{"start":{"line":5,"column":15},"end":{"line":5,"column":32}},"2":{"start":{"line":6,"column":19},"end":{"line":6,"column":21}},"3":{"start":{"line":8,"column":13},"end":{"line":8,"column":29}},"4":{"start":{"line":11,"column":15},"end":{"line":11,"column":52}},"5":{"start":{"line":14,"column":0},"end":{"line":14,"column":69}},"6":{"start":{"line":17,"column":19},"end":{"line":17,"column":36}},"7":{"start":{"line":18,"column":4},"end":{"line":26,"column":7}},"8":{"start":{"line":19,"column":8},"end":{"line":25,"column":9}},"9":{"start":{"line":21,"column":12},"end":{"line":21,"column":19}},"10":{"start":{"line":24,"column":12},"end":{"line":24,"column":72}},"11":{"start":{"line":31,"column":4},"end":{"line":34,"column":6}},"12":{"start":{"line":32,"column":8},"end":{"line":32,"column":33}},"13":{"start":{"line":33,"column":8},"end":{"line":33,"column":15}},"14":{"start":{"line":38,"column":4},"end":{"line":54,"column":7}},"15":{"start":{"line":40,"column":21},"end":{"line":40,"column":44}},"16":{"start":{"line":41,"column":23},"end":{"line":47,"column":9}},"17":{"start":{"line":48,"column":27},"end":{"line":48,"column":49}},"18":{"start":{"line":49,"column":8},"end":{"line":53,"column":11}},"19":{"start":{"line":51,"column":12},"end":{"line":51,"column":75}},"20":{"start":{"line":52,"column":12},"end":{"line":52,"column":61}},"21":{"start":{"line":57,"column":0},"end":{"line":57,"column":24}}},"fnMap":{"0":{"name":"checkUserExists","decl":{"start":{"line":16,"column":9},"end":{"line":16,"column":24}},"loc":{"start":{"line":16,"column":40},"end":{"line":27,"column":1}},"line":16},"1":{"name":"(anonymous_1)","decl":{"start":{"line":18,"column":42},"end":{"line":18,"column":43}},"loc":{"start":{"line":18,"column":63},"end":{"line":26,"column":5}},"line":18},"2":{"name":"hashPassword","decl":{"start":{"line":29,"column":9},"end":{"line":29,"column":21}},"loc":{"start":{"line":29,"column":37},"end":{"line":35,"column":1}},"line":29},"3":{"name":"(anonymous_3)","decl":{"start":{"line":31,"column":47},"end":{"line":31,"column":48}},"loc":{"start":{"line":31,"column":66},"end":{"line":34,"column":5}},"line":31},"4":{"name":"registerUser","decl":{"start":{"line":37,"column":9},"end":{"line":37,"column":21}},"loc":{"start":{"line":37,"column":31},"end":{"line":55,"column":1}},"line":37},"5":{"name":"(anonymous_5)","decl":{"start":{"line":38,"column":55},"end":{"line":38,"column":56}},"loc":{"start":{"line":38,"column":79},"end":{"line":54,"column":5}},"line":38},"6":{"name":"(anonymous_6)","decl":{"start":{"line":49,"column":26},"end":{"line":49,"column":27}},"loc":{"start":{"line":49,"column":49},"end":{"line":53,"column":9}},"line":49}},"branchMap":{"0":{"loc":{"start":{"line":19,"column":8},"end":{"line":25,"column":9}},"type":"if","locations":[{"start":{"line":19,"column":8},"end":{"line":25,"column":9}},{"start":{"line":19,"column":8},"end":{"line":25,"column":9}}],"line":19}},"s":{"0":5,"1":5,"2":5,"3":5,"4":5,"5":5,"6":2,"7":2,"8":2,"9":1,"10":1,"11":1,"12":1,"13":1,"14":1,"15":1,"16":1,"17":1,"18":1,"19":1,"20":1,"21":5},"f":{"0":2,"1":2,"2":1,"3":1,"4":1,"5":1,"6":1},"b":{"0":[1,1]},"_coverageSchema":"1a1c01bbd47fc00a2c39e90264f33305004495a9","hash":"b1ea5f359fc837fba47d2423160ab3fdce8a7eeb"}
,"C:\\Users\\Ryan\\source\\repos\\CS-4800-Legumes-LTE\\routes\\stores.js": {"path":"C:\\Users\\Ryan\\source\\repos\\CS-4800-Legumes-LTE\\routes\\stores.js","statementMap":{"0":{"start":{"line":1,"column":15},"end":{"line":1,"column":50}},"1":{"start":{"line":3,"column":14},"end":{"line":3,"column":32}},"2":{"start":{"line":5,"column":13},"end":{"line":5,"column":29}},"3":{"start":{"line":8,"column":12},"end":{"line":8,"column":46}},"4":{"start":{"line":9,"column":11},"end":{"line":9,"column":45}},"5":{"start":{"line":14,"column":0},"end":{"line":14,"column":39}},"6":{"start":{"line":17,"column":4},"end":{"line":21,"column":7}},"7":{"start":{"line":18,"column":8},"end":{"line":18,"column":25}},"8":{"start":{"line":34,"column":0},"end":{"line":34,"column":55}},"9":{"start":{"line":37,"column":4},"end":{"line":47,"column":7}},"10":{"start":{"line":38,"column":8},"end":{"line":38,"column":30}},"11":{"start":{"line":39,"column":8},"end":{"line":44,"column":9}},"12":{"start":{"line":40,"column":12},"end":{"line":42,"column":13}},"13":{"start":{"line":41,"column":16},"end":{"line":41,"column":50}},"14":{"start":{"line":43,"column":12},"end":{"line":43,"column":49}},"15":{"start":{"line":45,"column":8},"end":{"line":45,"column":51}},"16":{"start":{"line":46,"column":8},"end":{"line":46,"column":15}},"17":{"start":{"line":52,"column":2},"end":{"line":55,"column":5}},"18":{"start":{"line":53,"column":6},"end":{"line":53,"column":39}},"19":{"start":{"line":54,"column":6},"end":{"line":54,"column":27}},"20":{"start":{"line":58,"column":0},"end":{"line":58,"column":24}}},"fnMap":{"0":{"name":"getStores","decl":{"start":{"line":16,"column":9},"end":{"line":16,"column":18}},"loc":{"start":{"line":16,"column":34},"end":{"line":22,"column":1}},"line":16},"1":{"name":"(anonymous_1)","decl":{"start":{"line":17,"column":19},"end":{"line":17,"column":20}},"loc":{"start":{"line":17,"column":42},"end":{"line":21,"column":5}},"line":17},"2":{"name":"getStoreItems","decl":{"start":{"line":36,"column":9},"end":{"line":36,"column":22}},"loc":{"start":{"line":36,"column":38},"end":{"line":48,"column":1}},"line":36},"3":{"name":"(anonymous_3)","decl":{"start":{"line":37,"column":45},"end":{"line":37,"column":46}},"loc":{"start":{"line":37,"column":65},"end":{"line":47,"column":5}},"line":37},"4":{"name":"getStoreDetails","decl":{"start":{"line":51,"column":9},"end":{"line":51,"column":24}},"loc":{"start":{"line":51,"column":40},"end":{"line":56,"column":1}},"line":51},"5":{"name":"(anonymous_5)","decl":{"start":{"line":52,"column":47},"end":{"line":52,"column":48}},"loc":{"start":{"line":52,"column":75},"end":{"line":55,"column":3}},"line":52}},"branchMap":{"0":{"loc":{"start":{"line":40,"column":12},"end":{"line":42,"column":13}},"type":"if","locations":[{"start":{"line":40,"column":12},"end":{"line":42,"column":13}},{"start":{"line":40,"column":12},"end":{"line":42,"column":13}}],"line":40}},"s":{"0":5,"1":5,"2":5,"3":5,"4":5,"5":5,"6":1,"7":1,"8":5,"9":2,"10":2,"11":2,"12":20,"13":4,"14":20,"15":2,"16":2,"17":2,"18":2,"19":2,"20":5},"f":{"0":1,"1":1,"2":2,"3":2,"4":2,"5":2},"b":{"0":[4,16]},"_coverageSchema":"1a1c01bbd47fc00a2c39e90264f33305004495a9","hash":"6d5aaae206caebb4f031b7a7af2b728413426b02"}
,"C:\\Users\\Ryan\\source\\repos\\CS-4800-Legumes-LTE\\routes\\user.js": {"path":"C:\\Users\\Ryan\\source\\repos\\CS-4800-Legumes-LTE\\routes\\user.js","statementMap":{"0":{"start":{"line":2,"column":14},"end":{"line":2,"column":32}},"1":{"start":{"line":3,"column":15},"end":{"line":3,"column":50}},"2":{"start":{"line":6,"column":22},"end":{"line":6,"column":67}},"3":{"start":{"line":7,"column":16},"end":{"line":7,"column":54}},"4":{"start":{"line":8,"column":18},"end":{"line":8,"column":59}},"5":{"start":{"line":9,"column":15},"end":{"line":9,"column":52}},"6":{"start":{"line":10,"column":11},"end":{"line":10,"column":45}},"7":{"start":{"line":12,"column":13},"end":{"line":12,"column":29}},"8":{"start":{"line":15,"column":0},"end":{"line":25,"column":2}},"9":{"start":{"line":16,"column":15},"end":{"line":16,"column":17}},"10":{"start":{"line":17,"column":4},"end":{"line":23,"column":5}},"11":{"start":{"line":18,"column":8},"end":{"line":18,"column":42}},"12":{"start":{"line":19,"column":8},"end":{"line":19,"column":29}},"13":{"start":{"line":22,"column":8},"end":{"line":22,"column":30}},"14":{"start":{"line":24,"column":4},"end":{"line":24,"column":19}},"15":{"start":{"line":28,"column":0},"end":{"line":28,"column":130}},"16":{"start":{"line":31,"column":4},"end":{"line":31,"column":40}},"17":{"start":{"line":32,"column":4},"end":{"line":35,"column":6}},"18":{"start":{"line":33,"column":8},"end":{"line":33,"column":38}},"19":{"start":{"line":34,"column":8},"end":{"line":34,"column":15}},"20":{"start":{"line":39,"column":4},"end":{"line":42,"column":6}},"21":{"start":{"line":40,"column":8},"end":{"line":40,"column":37}},"22":{"start":{"line":41,"column":8},"end":{"line":41,"column":15}},"23":{"start":{"line":46,"column":4},"end":{"line":54,"column":6}},"24":{"start":{"line":47,"column":6},"end":{"line":49,"column":7}},"25":{"start":{"line":48,"column":8},"end":{"line":48,"column":25}},"26":{"start":{"line":50,"column":8},"end":{"line":52,"column":9}},"27":{"start":{"line":51,"column":10},"end":{"line":51,"column":58}},"28":{"start":{"line":53,"column":8},"end":{"line":53,"column":15}},"29":{"start":{"line":58,"column":4},"end":{"line":66,"column":5}},"30":{"start":{"line":59,"column":6},"end":{"line":62,"column":8}},"31":{"start":{"line":60,"column":8},"end":{"line":60,"column":41}},"32":{"start":{"line":61,"column":8},"end":{"line":61,"column":15}},"33":{"start":{"line":65,"column":8},"end":{"line":65,"column":15}},"34":{"start":{"line":70,"column":4},"end":{"line":73,"column":6}},"35":{"start":{"line":71,"column":8},"end":{"line":71,"column":39}},"36":{"start":{"line":72,"column":8},"end":{"line":72,"column":15}},"37":{"start":{"line":77,"column":20},"end":{"line":77,"column":22}},"38":{"start":{"line":78,"column":4},"end":{"line":78,"column":39}},"39":{"start":{"line":79,"column":4},"end":{"line":79,"column":47}},"40":{"start":{"line":80,"column":4},"end":{"line":80,"column":45}},"41":{"start":{"line":81,"column":4},"end":{"line":81,"column":47}},"42":{"start":{"line":82,"column":4},"end":{"line":82,"column":49}},"43":{"start":{"line":83,"column":4},"end":{"line":83,"column":24}},"44":{"start":{"line":86,"column":0},"end":{"line":86,"column":24}}},"fnMap":{"0":{"name":"(anonymous_0)","decl":{"start":{"line":15,"column":16},"end":{"line":15,"column":17}},"loc":{"start":{"line":15,"column":40},"end":{"line":25,"column":1}},"line":15},"1":{"name":"getAddresses","decl":{"start":{"line":30,"column":9},"end":{"line":30,"column":21}},"loc":{"start":{"line":30,"column":37},"end":{"line":36,"column":1}},"line":30},"2":{"name":"(anonymous_2)","decl":{"start":{"line":32,"column":54},"end":{"line":32,"column":55}},"loc":{"start":{"line":32,"column":75},"end":{"line":35,"column":5}},"line":32},"3":{"name":"getPaymentDetails","decl":{"start":{"line":38,"column":9},"end":{"line":38,"column":26}},"loc":{"start":{"line":38,"column":42},"end":{"line":43,"column":1}},"line":38},"4":{"name":"(anonymous_4)","decl":{"start":{"line":39,"column":50},"end":{"line":39,"column":51}},"loc":{"start":{"line":39,"column":71},"end":{"line":42,"column":5}},"line":39},"5":{"name":"getFavoriteIDs","decl":{"start":{"line":45,"column":9},"end":{"line":45,"column":23}},"loc":{"start":{"line":45,"column":39},"end":{"line":55,"column":1}},"line":45},"6":{"name":"(anonymous_6)","decl":{"start":{"line":46,"column":51},"end":{"line":46,"column":52}},"loc":{"start":{"line":46,"column":72},"end":{"line":54,"column":5}},"line":46},"7":{"name":"getFavorites","decl":{"start":{"line":57,"column":9},"end":{"line":57,"column":21}},"loc":{"start":{"line":57,"column":38},"end":{"line":67,"column":1}},"line":57},"8":{"name":"(anonymous_8)","decl":{"start":{"line":59,"column":59},"end":{"line":59,"column":60}},"loc":{"start":{"line":59,"column":84},"end":{"line":62,"column":7}},"line":59},"9":{"name":"getDeliveries","decl":{"start":{"line":69,"column":9},"end":{"line":69,"column":22}},"loc":{"start":{"line":69,"column":38},"end":{"line":74,"column":1}},"line":69},"10":{"name":"(anonymous_10)","decl":{"start":{"line":70,"column":47},"end":{"line":70,"column":48}},"loc":{"start":{"line":70,"column":68},"end":{"line":73,"column":5}},"line":70},"11":{"name":"packageData","decl":{"start":{"line":76,"column":9},"end":{"line":76,"column":20}},"loc":{"start":{"line":76,"column":30},"end":{"line":84,"column":1}},"line":76}},"branchMap":{"0":{"loc":{"start":{"line":17,"column":4},"end":{"line":23,"column":5}},"type":"if","locations":[{"start":{"line":17,"column":4},"end":{"line":23,"column":5}},{"start":{"line":17,"column":4},"end":{"line":23,"column":5}}],"line":17},"1":{"loc":{"start":{"line":47,"column":6},"end":{"line":49,"column":7}},"type":"if","locations":[{"start":{"line":47,"column":6},"end":{"line":49,"column":7}},{"start":{"line":47,"column":6},"end":{"line":49,"column":7}}],"line":47},"2":{"loc":{"start":{"line":50,"column":8},"end":{"line":52,"column":9}},"type":"if","locations":[{"start":{"line":50,"column":8},"end":{"line":52,"column":9}},{"start":{"line":50,"column":8},"end":{"line":52,"column":9}}],"line":50},"3":{"loc":{"start":{"line":58,"column":4},"end":{"line":66,"column":5}},"type":"if","locations":[{"start":{"line":58,"column":4},"end":{"line":66,"column":5}},{"start":{"line":58,"column":4},"end":{"line":66,"column":5}}],"line":58}},"s":{"0":5,"1":5,"2":5,"3":5,"4":5,"5":5,"6":5,"7":5,"8":5,"9":0,"10":0,"11":0,"12":0,"13":0,"14":0,"15":5,"16":0,"17":0,"18":0,"19":0,"20":0,"21":0,"22":0,"23":0,"24":0,"25":0,"26":0,"27":0,"28":0,"29":0,"30":0,"31":0,"32":0,"33":0,"34":0,"35":0,"36":0,"37":0,"38":0,"39":0,"40":0,"41":0,"42":0,"43":0,"44":5},"f":{"0":0,"1":0,"2":0,"3":0,"4":0,"5":0,"6":0,"7":0,"8":0,"9":0,"10":0,"11":0},"b":{"0":[0,0],"1":[0,0],"2":[0,0],"3":[0,0]},"_coverageSchema":"1a1c01bbd47fc00a2c39e90264f33305004495a9","hash":"351ced589a4b5a6cc29100542b8eac75f51f71f0"}
,"C:\\Users\\Ryan\\source\\repos\\CS-4800-Legumes-LTE\\schemas\\customer_address_schema.js": {"path":"C:\\Users\\Ryan\\source\\repos\\CS-4800-Legumes-LTE\\schemas\\customer_address_schema.js","statementMap":{"0":{"start":{"line":1,"column":18},"end":{"line":1,"column":37}},"1":{"start":{"line":4,"column":30},"end":{"line":13,"column":2}},"2":{"start":{"line":18,"column":0},"end":{"line":18,"column":93}}},"fnMap":{},"branchMap":{},"s":{"0":5,"1":5,"2":5},"f":{},"b":{},"_coverageSchema":"1a1c01bbd47fc00a2c39e90264f33305004495a9","hash":"93b672e4ded436f70502b2c932143be1bf307a05"}
,"C:\\Users\\Ryan\\source\\repos\\CS-4800-Legumes-LTE\\schemas\\customer_schema.js": {"path":"C:\\Users\\Ryan\\source\\repos\\CS-4800-Legumes-LTE\\schemas\\customer_schema.js","statementMap":{"0":{"start":{"line":1,"column":15},"end":{"line":1,"column":34}},"1":{"start":{"line":3,"column":23},"end":{"line":9,"column":2}},"2":{"start":{"line":12,"column":0},"end":{"line":12,"column":72}}},"fnMap":{},"branchMap":{},"s":{"0":5,"1":5,"2":5},"f":{},"b":{},"_coverageSchema":"1a1c01bbd47fc00a2c39e90264f33305004495a9","hash":"c953c8ca8ebab7d32792b8e2a6e606b9a94445eb"}
,"C:\\Users\\Ryan\\source\\repos\\CS-4800-Legumes-LTE\\schemas\\delivery_schema.js": {"path":"C:\\Users\\Ryan\\source\\repos\\CS-4800-Legumes-LTE\\schemas\\delivery_schema.js","statementMap":{"0":{"start":{"line":1,"column":17},"end":{"line":1,"column":36}},"1":{"start":{"line":3,"column":23},"end":{"line":19,"column":2}},"2":{"start":{"line":21,"column":0},"end":{"line":21,"column":72}}},"fnMap":{},"branchMap":{},"s":{"0":5,"1":5,"2":5},"f":{},"b":{},"_coverageSchema":"1a1c01bbd47fc00a2c39e90264f33305004495a9","hash":"f9cde4fc8d9f07590c7c2df000f19b204cb23a02"}
,"C:\\Users\\Ryan\\source\\repos\\CS-4800-Legumes-LTE\\schemas\\favorites_schema.js": {"path":"C:\\Users\\Ryan\\source\\repos\\CS-4800-Legumes-LTE\\schemas\\favorites_schema.js","statementMap":{"0":{"start":{"line":1,"column":17},"end":{"line":1,"column":36}},"1":{"start":{"line":3,"column":24},"end":{"line":6,"column":2}},"2":{"start":{"line":8,"column":0},"end":{"line":8,"column":75}}},"fnMap":{},"branchMap":{},"s":{"0":5,"1":5,"2":5},"f":{},"b":{},"_coverageSchema":"1a1c01bbd47fc00a2c39e90264f33305004495a9","hash":"a82a26e3dde2571f0d6161ab406ba8399d683ad1"}
,"C:\\Users\\Ryan\\source\\repos\\CS-4800-Legumes-LTE\\schemas\\handler_schema.js": {"path":"C:\\Users\\Ryan\\source\\repos\\CS-4800-Legumes-LTE\\schemas\\handler_schema.js","statementMap":{"0":{"start":{"line":1,"column":18},"end":{"line":1,"column":37}},"1":{"start":{"line":3,"column":22},"end":{"line":14,"column":2}},"2":{"start":{"line":19,"column":0},"end":{"line":19,"column":69}}},"fnMap":{},"branchMap":{},"s":{"0":5,"1":5,"2":5},"f":{},"b":{},"_coverageSchema":"1a1c01bbd47fc00a2c39e90264f33305004495a9","hash":"3abfe611ccd4cb3e27ea5d2c75c7a43dbd49aeb9"}
,"C:\\Users\\Ryan\\source\\repos\\CS-4800-Legumes-LTE\\schemas\\items_schema.js": {"path":"C:\\Users\\Ryan\\source\\repos\\CS-4800-Legumes-LTE\\schemas\\items_schema.js","statementMap":{"0":{"start":{"line":1,"column":17},"end":{"line":1,"column":36}},"1":{"start":{"line":4,"column":20},"end":{"line":17,"column":2}},"2":{"start":{"line":19,"column":0},"end":{"line":19,"column":63}}},"fnMap":{},"branchMap":{},"s":{"0":5,"1":5,"2":5},"f":{},"b":{},"_coverageSchema":"1a1c01bbd47fc00a2c39e90264f33305004495a9","hash":"9ab70fa6b462807a2f4bcf7ace385898b97b8b06"}
,"C:\\Users\\Ryan\\source\\repos\\CS-4800-Legumes-LTE\\schemas\\payment_info_schema.js": {"path":"C:\\Users\\Ryan\\source\\repos\\CS-4800-Legumes-LTE\\schemas\\payment_info_schema.js","statementMap":{"0":{"start":{"line":1,"column":18},"end":{"line":1,"column":37}},"1":{"start":{"line":3,"column":26},"end":{"line":11,"column":2}},"2":{"start":{"line":16,"column":0},"end":{"line":16,"column":81}}},"fnMap":{},"branchMap":{},"s":{"0":5,"1":5,"2":5},"f":{},"b":{},"_coverageSchema":"1a1c01bbd47fc00a2c39e90264f33305004495a9","hash":"e230c0184ef65aa63de3759c477ddfe2606a6093"}
,"C:\\Users\\Ryan\\source\\repos\\CS-4800-Legumes-LTE\\schemas\\store_schema.js": {"path":"C:\\Users\\Ryan\\source\\repos\\CS-4800-Legumes-LTE\\schemas\\store_schema.js","statementMap":{"0":{"start":{"line":1,"column":17},"end":{"line":1,"column":36}},"1":{"start":{"line":3,"column":20},"end":{"line":16,"column":2}},"2":{"start":{"line":18,"column":0},"end":{"line":18,"column":63}}},"fnMap":{},"branchMap":{},"s":{"0":5,"1":5,"2":5},"f":{},"b":{},"_coverageSchema":"1a1c01bbd47fc00a2c39e90264f33305004495a9","hash":"f143a6c582897c7ff8d2f822ba7d6229c3ebc50f"}
}
