TN:
SF:server_test.js
FN:71,(anonymous_0)
FNF:1
FNH:0
FNDA:0,(anonymous_0)
DA:7,3
DA:8,3
DA:9,3
DA:10,3
DA:11,3
DA:12,3
DA:13,3
DA:16,3
DA:19,3
DA:22,3
DA:33,3
DA:36,3
DA:52,3
DA:53,3
DA:54,3
DA:57,3
DA:58,3
DA:61,3
DA:65,3
DA:68,3
DA:71,3
DA:72,0
DA:76,3
LF:23
LH:22
BRF:0
BRH:0
end_of_record
TN:
SF:config\passport.js
FN:13,(anonymous_0)
FN:15,(anonymous_1)
FN:19,(anonymous_2)
FN:28,(anonymous_3)
FN:33,(anonymous_4)
FN:37,(anonymous_5)
FN:39,(anonymous_6)
FN:42,(anonymous_7)
FNF:8
FNH:0
FNDA:0,(anonymous_0)
FNDA:0,(anonymous_1)
FNDA:0,(anonymous_2)
FNDA:0,(anonymous_3)
FNDA:0,(anonymous_4)
FNDA:0,(anonymous_5)
FNDA:0,(anonymous_6)
FNDA:0,(anonymous_7)
DA:1,3
DA:2,3
DA:3,3
DA:6,3
DA:8,3
DA:13,3
DA:14,0
DA:16,0
DA:17,0
DA:19,0
DA:20,0
DA:21,0
DA:24,0
DA:29,0
DA:33,3
DA:34,0
DA:37,3
DA:38,0
DA:40,0
DA:42,0
DA:45,3
DA:47,3
LF:22
LH:10
BRDA:16,0,0,0
BRDA:16,0,1,0
BRDA:20,1,0,0
BRDA:20,1,1,0
BRF:4
BRH:0
end_of_record
TN:
SF:routes\auth_middleware.js
FN:2,(anonymous_0)
FNF:1
FNH:0
FNDA:0,(anonymous_0)
DA:2,3
DA:3,0
DA:4,0
DA:7,0
LF:4
LH:1
BRDA:3,0,0,0
BRDA:3,0,1,0
BRF:2
BRH:0
end_of_record
TN:
SF:routes\cart.js
FN:15,getCartItems
FN:22,(anonymous_1)
FN:36,getStoreNames
FN:45,(anonymous_3)
FN:61,(anonymous_4)
FN:68,addToCart
FN:93,removeFromCart
FNF:7
FNH:0
FNDA:0,getCartItems
FNDA:0,(anonymous_1)
FNDA:0,getStoreNames
FNDA:0,(anonymous_3)
FNDA:0,(anonymous_4)
FNDA:0,addToCart
FNDA:0,removeFromCart
DA:1,3
DA:3,3
DA:6,3
DA:7,3
DA:9,3
DA:13,3
DA:17,0
DA:18,0
DA:19,0
DA:22,0
DA:23,0
DA:25,0
DA:26,0
DA:27,0
DA:28,0
DA:32,0
DA:37,0
DA:39,0
DA:40,0
DA:41,0
DA:45,0
DA:47,0
DA:48,0
DA:49,0
DA:51,0
DA:53,0
DA:54,0
DA:56,0
DA:61,3
DA:62,0
DA:66,3
DA:70,0
DA:71,0
DA:72,0
DA:73,0
DA:76,0
DA:77,0
DA:78,0
DA:79,0
DA:84,0
DA:85,0
DA:87,0
DA:91,3
DA:95,0
DA:98,0
DA:99,0
DA:100,0
DA:101,0
DA:102,0
DA:103,0
DA:106,3
LF:51
LH:10
BRDA:27,0,0,0
BRDA:27,0,1,0
BRDA:40,1,0,0
BRDA:40,1,1,0
BRDA:77,2,0,0
BRDA:77,2,1,0
BRDA:84,3,0,0
BRDA:84,3,1,0
BRDA:100,4,0,0
BRDA:100,4,1,0
BRF:10
BRH:0
end_of_record
TN:
SF:routes\checkout.js
FN:14,getShippingAddress
FN:21,(anonymous_1)
FN:24,(anonymous_2)
FN:49,getBillingAddress
FN:56,(anonymous_4)
FN:59,(anonymous_5)
FN:84,updateStock
FN:97,calculateCartTotal
FN:105,(anonymous_8)
FN:118,createDeliveryDocument
FN:119,(anonymous_10)
FNF:11
FNH:0
FNDA:0,getShippingAddress
FNDA:0,(anonymous_1)
FNDA:0,(anonymous_2)
FNDA:0,getBillingAddress
FNDA:0,(anonymous_4)
FNDA:0,(anonymous_5)
FNDA:0,updateStock
FNDA:0,calculateCartTotal
FNDA:0,(anonymous_8)
FNDA:0,createDeliveryDocument
FNDA:0,(anonymous_10)
DA:1,3
DA:2,3
DA:5,3
DA:6,3
DA:7,3
DA:9,3
DA:12,3
DA:15,0
DA:22,0
DA:24,0
DA:26,0
DA:27,0
DA:37,0
DA:38,0
DA:39,0
DA:43,0
DA:45,0
DA:50,0
DA:57,0
DA:59,0
DA:61,0
DA:62,0
DA:72,0
DA:73,0
DA:74,0
DA:78,0
DA:80,0
DA:85,0
DA:86,0
DA:87,0
DA:88,0
DA:89,0
DA:90,0
DA:91,0
DA:94,0
DA:98,0
DA:100,0
DA:101,0
DA:102,0
DA:105,0
DA:107,0
DA:108,0
DA:109,0
DA:110,0
DA:114,0
DA:119,0
DA:121,0
DA:122,0
DA:134,0
DA:135,0
DA:136,0
DA:137,0
DA:141,3
LF:53
LH:8
BRDA:22,0,0,0
BRDA:22,0,1,0
BRDA:57,1,0,0
BRDA:57,1,1,0
BRDA:109,2,0,0
BRDA:109,2,1,0
BRF:6
BRH:0
end_of_record
TN:
SF:routes\handler.js
FN:14,getHandlers
FN:15,(anonymous_1)
FNF:2
FNH:2
FNDA:1,getHandlers
FNDA:1,(anonymous_1)
DA:2,3
DA:4,3
DA:7,3
DA:12,3
DA:15,1
DA:16,1
DA:27,3
LF:7
LH:7
BRF:0
BRH:0
end_of_record
TN:
SF:routes\index.js
FNF:0
FNH:0
DA:1,3
DA:2,3
DA:4,3
DA:5,3
DA:6,3
DA:7,3
DA:8,3
DA:9,3
DA:10,3
DA:11,3
DA:12,3
DA:14,3
DA:15,3
DA:16,3
DA:17,3
DA:18,3
DA:19,3
DA:20,3
DA:21,3
DA:22,3
DA:24,3
LF:21
LH:21
BRF:0
BRH:0
end_of_record
TN:
SF:routes\itemSearch.js
FN:15,returnPage
FN:21,getSearchEntry
FN:27,getSearchResultsCategory
FN:30,(anonymous_3)
FN:36,(anonymous_4)
FN:44,getSearchResultName
FN:46,(anonymous_6)
FN:52,(anonymous_7)
FN:61,getSearchResultSub
FN:63,(anonymous_9)
FN:69,(anonymous_10)
FN:78,getSearchResultSpecial
FN:80,(anonymous_12)
FN:86,(anonymous_13)
FNF:14
FNH:0
FNDA:0,returnPage
FNDA:0,getSearchEntry
FNDA:0,getSearchResultsCategory
FNDA:0,(anonymous_3)
FNDA:0,(anonymous_4)
FNDA:0,getSearchResultName
FNDA:0,(anonymous_6)
FNDA:0,(anonymous_7)
FNDA:0,getSearchResultSub
FNDA:0,(anonymous_9)
FNDA:0,(anonymous_10)
FNDA:0,getSearchResultSpecial
FNDA:0,(anonymous_12)
FNDA:0,(anonymous_13)
DA:2,3
DA:3,3
DA:6,3
DA:13,3
DA:16,0
DA:19,3
DA:22,0
DA:23,0
DA:24,0
DA:28,0
DA:31,0
DA:37,0
DA:45,0
DA:47,0
DA:53,0
DA:58,0
DA:62,0
DA:64,0
DA:70,0
DA:75,0
DA:79,0
DA:81,0
DA:87,0
DA:94,3
LF:24
LH:6
BRF:0
BRH:0
end_of_record
TN:
SF:routes\login.js
FN:16,returnPage
FN:23,(anonymous_1)
FN:29,(anonymous_2)
FN:33,(anonymous_3)
FNF:4
FNH:0
FNDA:0,returnPage
FNDA:0,(anonymous_1)
FNDA:0,(anonymous_2)
FNDA:0,(anonymous_3)
DA:2,3
DA:5,3
DA:7,3
DA:10,3
DA:14,3
DA:17,0
DA:21,3
DA:23,3
DA:24,0
DA:25,0
DA:26,0
DA:29,3
DA:30,0
DA:33,3
DA:34,0
DA:35,0
DA:37,3
LF:17
LH:10
BRF:0
BRH:0
end_of_record
TN:
SF:routes\order_details.js
FN:15,getDelivery
FN:16,(anonymous_1)
FN:23,getHandlerName
FN:24,(anonymous_3)
FN:30,getPurchasedItems
FN:35,(anonymous_5)
FN:41,packageAndReturn
FNF:7
FNH:0
FNDA:0,getDelivery
FNDA:0,(anonymous_1)
FNDA:0,getHandlerName
FNDA:0,(anonymous_3)
FNDA:0,getPurchasedItems
FNDA:0,(anonymous_5)
FNDA:0,packageAndReturn
DA:2,3
DA:3,3
DA:5,3
DA:8,3
DA:9,3
DA:10,3
DA:13,3
DA:16,0
DA:17,0
DA:18,0
DA:19,0
DA:24,0
DA:25,0
DA:26,0
DA:31,0
DA:32,0
DA:33,0
DA:35,0
DA:36,0
DA:37,0
DA:42,0
DA:43,0
DA:44,0
DA:45,0
DA:48,3
LF:25
LH:8
BRF:0
BRH:0
end_of_record
TN:
SF:routes\register.js
FN:16,checkUserExists
FN:18,(anonymous_1)
FN:29,hashPassword
FN:31,(anonymous_3)
FN:37,registerUser
FN:38,(anonymous_5)
FN:49,(anonymous_6)
FNF:7
FNH:7
FNDA:2,checkUserExists
FNDA:2,(anonymous_1)
FNDA:1,hashPassword
FNDA:1,(anonymous_3)
FNDA:1,registerUser
FNDA:1,(anonymous_5)
FNDA:1,(anonymous_6)
DA:2,3
DA:5,3
DA:6,3
DA:8,3
DA:11,3
DA:14,3
DA:17,2
DA:18,2
DA:19,2
DA:21,1
DA:24,1
DA:31,1
DA:32,1
DA:33,1
DA:38,1
DA:40,1
DA:41,1
DA:48,1
DA:49,1
DA:51,1
DA:52,1
DA:57,3
LF:22
LH:22
BRDA:19,0,0,1
BRDA:19,0,1,1
BRF:2
BRH:2
end_of_record
TN:
SF:routes\stores.js
FN:16,getStores
FN:17,(anonymous_1)
FN:36,getStoreItems
FN:37,(anonymous_3)
FN:51,getStoreDetails
FN:52,(anonymous_5)
FNF:6
FNH:6
FNDA:1,getStores
FNDA:1,(anonymous_1)
FNDA:2,getStoreItems
FNDA:2,(anonymous_3)
FNDA:2,getStoreDetails
FNDA:2,(anonymous_5)
DA:1,3
DA:3,3
DA:5,3
DA:8,3
DA:9,3
DA:14,3
DA:17,1
DA:18,1
DA:34,3
DA:37,2
DA:38,2
DA:39,2
DA:40,20
DA:41,4
DA:43,20
DA:45,2
DA:46,2
DA:52,2
DA:53,2
DA:54,2
DA:58,3
LF:21
LH:21
BRDA:40,0,0,4
BRDA:40,0,1,16
BRF:2
BRH:2
end_of_record
TN:
SF:routes\user.js
FN:15,(anonymous_0)
FN:30,getAddresses
FN:32,(anonymous_2)
FN:38,getPaymentDetails
FN:39,(anonymous_4)
FN:45,getFavoriteIDs
FN:46,(anonymous_6)
FN:57,getFavorites
FN:59,(anonymous_8)
FN:69,getDeliveries
FN:70,(anonymous_10)
FN:76,packageData
FNF:12
FNH:0
FNDA:0,(anonymous_0)
FNDA:0,getAddresses
FNDA:0,(anonymous_2)
FNDA:0,getPaymentDetails
FNDA:0,(anonymous_4)
FNDA:0,getFavoriteIDs
FNDA:0,(anonymous_6)
FNDA:0,getFavorites
FNDA:0,(anonymous_8)
FNDA:0,getDeliveries
FNDA:0,(anonymous_10)
FNDA:0,packageData
DA:2,3
DA:3,3
DA:6,3
DA:7,3
DA:8,3
DA:9,3
DA:10,3
DA:12,3
DA:15,3
DA:16,0
DA:17,0
DA:18,0
DA:19,0
DA:22,0
DA:24,0
DA:28,3
DA:31,0
DA:32,0
DA:33,0
DA:34,0
DA:39,0
DA:40,0
DA:41,0
DA:46,0
DA:47,0
DA:48,0
DA:50,0
DA:51,0
DA:53,0
DA:58,0
DA:59,0
DA:60,0
DA:61,0
DA:65,0
DA:70,0
DA:71,0
DA:72,0
DA:77,0
DA:78,0
DA:79,0
DA:80,0
DA:81,0
DA:82,0
DA:83,0
DA:86,3
LF:45
LH:11
BRDA:17,0,0,0
BRDA:17,0,1,0
BRDA:47,1,0,0
BRDA:47,1,1,0
BRDA:50,2,0,0
BRDA:50,2,1,0
BRDA:58,3,0,0
BRDA:58,3,1,0
BRF:8
BRH:0
end_of_record
TN:
SF:schemas\customer_address_schema.js
FNF:0
FNH:0
DA:1,3
DA:4,3
DA:18,3
LF:3
LH:3
BRF:0
BRH:0
end_of_record
TN:
SF:schemas\customer_schema.js
FNF:0
FNH:0
DA:1,3
DA:3,3
DA:12,3
LF:3
LH:3
BRF:0
BRH:0
end_of_record
TN:
SF:schemas\delivery_schema.js
FNF:0
FNH:0
DA:1,3
DA:3,3
DA:21,3
LF:3
LH:3
BRF:0
BRH:0
end_of_record
TN:
SF:schemas\favorites_schema.js
FNF:0
FNH:0
DA:1,3
DA:3,3
DA:8,3
LF:3
LH:3
BRF:0
BRH:0
end_of_record
TN:
SF:schemas\handler_schema.js
FNF:0
FNH:0
DA:1,3
DA:3,3
DA:19,3
LF:3
LH:3
BRF:0
BRH:0
end_of_record
TN:
SF:schemas\items_schema.js
FNF:0
FNH:0
DA:1,3
DA:4,3
DA:19,3
LF:3
LH:3
BRF:0
BRH:0
end_of_record
TN:
SF:schemas\payment_info_schema.js
FNF:0
FNH:0
DA:1,3
DA:3,3
DA:16,3
LF:3
LH:3
BRF:0
BRH:0
end_of_record
TN:
SF:schemas\store_schema.js
FNF:0
FNH:0
DA:1,3
DA:3,3
DA:18,3
LF:3
LH:3
BRF:0
BRH:0
end_of_record
